
> school-admin-panel@1.0.0 dev
> next dev

   ▲ Next.js 14.0.4
   - Local:        http://localhost:3000
   - Environments: .env.local

 ✓ Ready in 6.6s
 ✓ Compiled /src/middleware in 317ms (64 modules)
 ○ Compiling /api/auth/login ...
 ✓ Compiled /api/auth/login in 1462ms (62 modules)
 ○ Compiling /api/assistant/chat ...
 ✓ Compiled /_error in 523ms (1508 modules)
 ✓ Compiled in 289ms (46 modules)
 ✓ Compiled /api/auth/login in 229ms (100 modules)
 ✓ Compiled /api/assistant/chat in 501ms (268 modules)
 ✓ Compiled in 505ms (46 modules)
 ✓ Compiled /api/auth/login in 83ms (100 modules)
 ○ Compiling /api/assistant/chat ...
 ✓ Compiled /api/assistant/chat in 535ms (269 modules)
 ✓ Compiled in 313ms (46 modules)
 ✓ Compiled /api/auth/login in 65ms (100 modules)
 ✓ Compiled /api/assistant/chat in 230ms (269 modules)
 ✓ Compiled in 738ms (269 modules)
 ✓ Compiled in 522ms (46 modules)

C:\CProjects\ITRoboticsCRM\ITRobotCRM>[?25h
